<?xml version="1.0" encoding="UTF-8"?>
<!-- Generated by org.testng.reporters.JUnitReportReporter -->
<testsuite hostname="SSHQNL-NB974" failures="0" tests="1" name="AssignmentTest.ApiChallengeTest" time="1.694" errors="0" timestamp="2022-06-26T00:10:43 CEST" skipped="0">
  <testcase classname="AssignmentTest.ApiChallengeTest" name="testValidateFormatOfEmailsInCommentsSectionForAllPostsOfAUser" time="1.694"/>
  <system-out/>
</testsuite> <!-- AssignmentTest.ApiChallengeTest -->
