<?xml version="1.0" encoding="UTF-8"?>
<!-- Generated by org.testng.reporters.JUnitReportReporter -->
<testsuite hostname="SSHQNL-NB974" failures="0" tests="1" name="BaseTest.ApiChallengeNegativeTest" time="0.133" errors="0" timestamp="2022-06-26T00:08:18 CEST" skipped="0">
  <testcase classname="BaseTest.ApiChallengeNegativeTest" name="testValidateFormatOfEmailsInCommentsSectionForAllPostsOfAUserNegative" time="0.133"/>
  <system-out/>
</testsuite> <!-- BaseTest.ApiChallengeNegativeTest -->
